<?xml version="1.0" encoding="UTF-8"?>
<!-- Generated by org.testng.reporters.JUnitXMLReporter -->
<testsuite hostname="HP-PC" ignored="0" name="Free CRM App Test Cases" tests="7" failures="2" timestamp="20 Jan 2018 16:35:40 GMT" time="765.767" errors="0">
  <testcase name="veifyUserNameTest" time="22.939" classname="com.crm.qa.tetcases.HomePageTest"/>
  <testcase name="verifyContactLinkTest" time="29.058" classname="com.crm.qa.tetcases.HomePageTest"/>
  <testcase name="verifyHomePageTitle" time="0.205" classname="com.crm.qa.tetcases.HomePageTest">
    <failure type="junit.framework.ComparisonFailure" message="CRMPRO expected:&amp;lt;CRMPRO&amp;gt; but was:&amp;lt;home Page Title Not Mached&amp;gt;">
      <![CDATA[junit.framework.ComparisonFailure: CRMPRO expected:<CRMPRO> but was:<home Page Title Not Mached>
	at junit.framework.Assert.assertEquals(Assert.java:81)
	at com.crm.qa.tetcases.HomePageTest.verifyHomePageTitle(HomePageTest.java:43)
... Removed 25 stack frames]]>
    </failure>
  </testcase> <!-- verifyHomePageTitle -->
  <testcase name="ClikOnContactCheckBox" time="0.018" classname="com.crm.qa.tetcases.ContactTest">
    <failure type="java.lang.NullPointerException">
      <![CDATA[java.lang.NullPointerException
	at com.crm.qa.tetcases.ContactTest.ClikOnContactCheckBox(ContactTest.java:45)
... Removed 25 stack frames]]>
    </failure>
  </testcase> <!-- ClikOnContactCheckBox -->
  <testcase name="loginPageTitleTest" time="0.5" classname="com.crm.qa.tetcases.LoginPageTest"/>
  <testcase name="crmLogoImageTest" time="2.235" classname="com.crm.qa.tetcases.LoginPageTest"/>
  <testcase name="loginTest" time="22.204" classname="com.crm.qa.tetcases.LoginPageTest"/>
</testsuite> <!-- Free CRM App Test Cases -->
