<?xml version="1.0" encoding="UTF-8"?>
<testng-results skipped="0" failed="2" ignored="0" total="7" passed="5">
  <reporter-output>
  </reporter-output>
  <suite name="Free CRM Apllication Test Automation Test Suite" duration-ms="765767" started-at="2018-01-20T16:22:53Z" finished-at="2018-01-20T16:35:39Z">
    <groups>
    </groups>
    <test name="Free CRM App Test Cases" duration-ms="765767" started-at="2018-01-20T16:22:53Z" finished-at="2018-01-20T16:35:39Z">
      <class name="com.crm.qa.tetcases.LoginPageTest">
        <test-method status="PASS" signature="setUp()[pri:0, instance:com.crm.qa.tetcases.LoginPageTest@39aeed2f]" name="setUp" is-config="true" duration-ms="28654" started-at="2018-01-20T22:02:36Z" finished-at="2018-01-20T22:03:04Z">
          <reporter-output>
          </reporter-output>
        </test-method> <!-- setUp -->
        <test-method status="PASS" signature="loginPageTitleTest()[pri:1, instance:com.crm.qa.tetcases.LoginPageTest@39aeed2f]" name="loginPageTitleTest" duration-ms="500" started-at="2018-01-20T22:03:04Z" finished-at="2018-01-20T22:03:05Z">
          <reporter-output>
          </reporter-output>
        </test-method> <!-- loginPageTitleTest -->
        <test-method status="PASS" signature="tearDown()[pri:0, instance:com.crm.qa.tetcases.LoginPageTest@39aeed2f]" name="tearDown" is-config="true" duration-ms="1893" started-at="2018-01-20T22:03:05Z" finished-at="2018-01-20T22:03:07Z">
          <reporter-output>
          </reporter-output>
        </test-method> <!-- tearDown -->
        <test-method status="PASS" signature="setUp()[pri:0, instance:com.crm.qa.tetcases.LoginPageTest@39aeed2f]" name="setUp" is-config="true" duration-ms="84063" started-at="2018-01-20T22:03:07Z" finished-at="2018-01-20T22:04:31Z">
          <reporter-output>
          </reporter-output>
        </test-method> <!-- setUp -->
        <test-method status="PASS" signature="crmLogoImageTest()[pri:2, instance:com.crm.qa.tetcases.LoginPageTest@39aeed2f]" name="crmLogoImageTest" duration-ms="2235" started-at="2018-01-20T22:04:31Z" finished-at="2018-01-20T22:04:33Z">
          <reporter-output>
          </reporter-output>
        </test-method> <!-- crmLogoImageTest -->
        <test-method status="PASS" signature="tearDown()[pri:0, instance:com.crm.qa.tetcases.LoginPageTest@39aeed2f]" name="tearDown" is-config="true" duration-ms="2389" started-at="2018-01-20T22:04:33Z" finished-at="2018-01-20T22:04:35Z">
          <reporter-output>
          </reporter-output>
        </test-method> <!-- tearDown -->
        <test-method status="PASS" signature="setUp()[pri:0, instance:com.crm.qa.tetcases.LoginPageTest@39aeed2f]" name="setUp" is-config="true" duration-ms="40471" started-at="2018-01-20T22:04:35Z" finished-at="2018-01-20T22:05:16Z">
          <reporter-output>
          </reporter-output>
        </test-method> <!-- setUp -->
        <test-method status="PASS" signature="loginTest()[pri:3, instance:com.crm.qa.tetcases.LoginPageTest@39aeed2f]" name="loginTest" duration-ms="22204" started-at="2018-01-20T22:05:16Z" finished-at="2018-01-20T22:05:38Z">
          <reporter-output>
          </reporter-output>
        </test-method> <!-- loginTest -->
        <test-method status="PASS" signature="tearDown()[pri:0, instance:com.crm.qa.tetcases.LoginPageTest@39aeed2f]" name="tearDown" is-config="true" duration-ms="1117" started-at="2018-01-20T22:05:38Z" finished-at="2018-01-20T22:05:39Z">
          <reporter-output>
          </reporter-output>
        </test-method> <!-- tearDown -->
      </class> <!-- com.crm.qa.tetcases.LoginPageTest -->
      <class name="com.crm.qa.tetcases.ContactTest">
        <test-method status="PASS" signature="setup()[pri:0, instance:com.crm.qa.tetcases.ContactTest@4678c730]" name="setup" is-config="true" duration-ms="137415" started-at="2018-01-20T22:00:16Z" finished-at="2018-01-20T22:02:34Z">
          <reporter-output>
          </reporter-output>
        </test-method> <!-- setup -->
        <test-method status="FAIL" signature="ClikOnContactCheckBox()[pri:0, instance:com.crm.qa.tetcases.ContactTest@4678c730]" name="ClikOnContactCheckBox" duration-ms="18" started-at="2018-01-20T22:02:34Z" finished-at="2018-01-20T22:02:34Z">
          <exception class="java.lang.NullPointerException">
            <full-stacktrace>
              <![CDATA[java.lang.NullPointerException
	at com.crm.qa.tetcases.ContactTest.ClikOnContactCheckBox(ContactTest.java:45)
	at sun.reflect.NativeMethodAccessorImpl.invoke0(Native Method)
	at sun.reflect.NativeMethodAccessorImpl.invoke(NativeMethodAccessorImpl.java:62)
	at sun.reflect.DelegatingMethodAccessorImpl.invoke(DelegatingMethodAccessorImpl.java:43)
	at java.lang.reflect.Method.invoke(Method.java:498)
	at org.testng.internal.MethodInvocationHelper.invokeMethod(MethodInvocationHelper.java:104)
	at org.testng.internal.Invoker.invokeMethod(Invoker.java:645)
	at org.testng.internal.Invoker.invokeTestMethod(Invoker.java:851)
	at org.testng.internal.Invoker.invokeTestMethods(Invoker.java:1177)
	at org.testng.internal.TestMethodWorker.invokeTestMethods(TestMethodWorker.java:129)
	at org.testng.internal.TestMethodWorker.run(TestMethodWorker.java:112)
	at org.testng.TestRunner.privateRun(TestRunner.java:756)
	at org.testng.TestRunner.run(TestRunner.java:610)
	at org.testng.SuiteRunner.runTest(SuiteRunner.java:387)
	at org.testng.SuiteRunner.runSequentially(SuiteRunner.java:382)
	at org.testng.SuiteRunner.privateRun(SuiteRunner.java:340)
	at org.testng.SuiteRunner.run(SuiteRunner.java:289)
	at org.testng.SuiteRunnerWorker.runSuite(SuiteRunnerWorker.java:52)
	at org.testng.SuiteRunnerWorker.run(SuiteRunnerWorker.java:86)
	at org.testng.TestNG.runSuitesSequentially(TestNG.java:1293)
	at org.testng.TestNG.runSuitesLocally(TestNG.java:1218)
	at org.testng.TestNG.runSuites(TestNG.java:1133)
	at org.testng.TestNG.run(TestNG.java:1104)
	at org.testng.remote.AbstractRemoteTestNG.run(AbstractRemoteTestNG.java:126)
	at org.testng.remote.RemoteTestNG.initAndRun(RemoteTestNG.java:137)
	at org.testng.remote.RemoteTestNG.main(RemoteTestNG.java:58)
]]>
            </full-stacktrace>
          </exception> <!-- java.lang.NullPointerException -->
          <reporter-output>
          </reporter-output>
        </test-method> <!-- ClikOnContactCheckBox -->
        <test-method status="PASS" signature="tesrDown()[pri:0, instance:com.crm.qa.tetcases.ContactTest@4678c730]" name="tesrDown" is-config="true" duration-ms="1982" started-at="2018-01-20T22:02:34Z" finished-at="2018-01-20T22:02:36Z">
          <reporter-output>
          </reporter-output>
        </test-method> <!-- tesrDown -->
      </class> <!-- com.crm.qa.tetcases.ContactTest -->
      <class name="com.crm.qa.tetcases.HomePageTest">
        <test-method status="PASS" signature="setup()[pri:0, instance:com.crm.qa.tetcases.HomePageTest@724af044]" name="setup" is-config="true" duration-ms="193335" started-at="2018-01-20T21:52:54Z" finished-at="2018-01-20T21:56:08Z">
          <reporter-output>
          </reporter-output>
        </test-method> <!-- setup -->
        <test-method status="PASS" signature="veifyUserNameTest()[pri:0, instance:com.crm.qa.tetcases.HomePageTest@724af044]" name="veifyUserNameTest" duration-ms="22939" started-at="2018-01-20T21:56:08Z" finished-at="2018-01-20T21:56:31Z">
          <reporter-output>
          </reporter-output>
        </test-method> <!-- veifyUserNameTest -->
        <test-method status="PASS" signature="tearDown()[pri:0, instance:com.crm.qa.tetcases.HomePageTest@724af044]" name="tearDown" is-config="true" duration-ms="2209" started-at="2018-01-20T21:56:31Z" finished-at="2018-01-20T21:56:33Z">
          <reporter-output>
          </reporter-output>
        </test-method> <!-- tearDown -->
        <test-method status="PASS" signature="setup()[pri:0, instance:com.crm.qa.tetcases.HomePageTest@724af044]" name="setup" is-config="true" duration-ms="84405" started-at="2018-01-20T21:56:33Z" finished-at="2018-01-20T21:57:57Z">
          <reporter-output>
          </reporter-output>
        </test-method> <!-- setup -->
        <test-method status="PASS" signature="verifyContactLinkTest()[pri:0, instance:com.crm.qa.tetcases.HomePageTest@724af044]" name="verifyContactLinkTest" duration-ms="29058" started-at="2018-01-20T21:57:57Z" finished-at="2018-01-20T21:58:26Z">
          <reporter-output>
          </reporter-output>
        </test-method> <!-- verifyContactLinkTest -->
        <test-method status="PASS" signature="tearDown()[pri:0, instance:com.crm.qa.tetcases.HomePageTest@724af044]" name="tearDown" is-config="true" duration-ms="3118" started-at="2018-01-20T21:58:26Z" finished-at="2018-01-20T21:58:30Z">
          <reporter-output>
          </reporter-output>
        </test-method> <!-- tearDown -->
        <test-method status="PASS" signature="setup()[pri:0, instance:com.crm.qa.tetcases.HomePageTest@724af044]" name="setup" is-config="true" duration-ms="103085" started-at="2018-01-20T21:58:30Z" finished-at="2018-01-20T22:00:13Z">
          <reporter-output>
          </reporter-output>
        </test-method> <!-- setup -->
        <test-method status="FAIL" signature="verifyHomePageTitle()[pri:0, instance:com.crm.qa.tetcases.HomePageTest@724af044]" name="verifyHomePageTitle" duration-ms="205" started-at="2018-01-20T22:00:13Z" finished-at="2018-01-20T22:00:13Z">
          <exception class="junit.framework.ComparisonFailure">
            <message>
              <![CDATA[CRMPRO expected:<CRMPRO> but was:<home Page Title Not Mached>]]>
            </message>
            <full-stacktrace>
              <![CDATA[junit.framework.ComparisonFailure: CRMPRO expected:<CRMPRO> but was:<home Page Title Not Mached>
	at junit.framework.Assert.assertEquals(Assert.java:81)
	at com.crm.qa.tetcases.HomePageTest.verifyHomePageTitle(HomePageTest.java:43)
	at sun.reflect.NativeMethodAccessorImpl.invoke0(Native Method)
	at sun.reflect.NativeMethodAccessorImpl.invoke(NativeMethodAccessorImpl.java:62)
	at sun.reflect.DelegatingMethodAccessorImpl.invoke(DelegatingMethodAccessorImpl.java:43)
	at java.lang.reflect.Method.invoke(Method.java:498)
	at org.testng.internal.MethodInvocationHelper.invokeMethod(MethodInvocationHelper.java:104)
	at org.testng.internal.Invoker.invokeMethod(Invoker.java:645)
	at org.testng.internal.Invoker.invokeTestMethod(Invoker.java:851)
	at org.testng.internal.Invoker.invokeTestMethods(Invoker.java:1177)
	at org.testng.internal.TestMethodWorker.invokeTestMethods(TestMethodWorker.java:129)
	at org.testng.internal.TestMethodWorker.run(TestMethodWorker.java:112)
	at org.testng.TestRunner.privateRun(TestRunner.java:756)
	at org.testng.TestRunner.run(TestRunner.java:610)
	at org.testng.SuiteRunner.runTest(SuiteRunner.java:387)
	at org.testng.SuiteRunner.runSequentially(SuiteRunner.java:382)
	at org.testng.SuiteRunner.privateRun(SuiteRunner.java:340)
	at org.testng.SuiteRunner.run(SuiteRunner.java:289)
	at org.testng.SuiteRunnerWorker.runSuite(SuiteRunnerWorker.java:52)
	at org.testng.SuiteRunnerWorker.run(SuiteRunnerWorker.java:86)
	at org.testng.TestNG.runSuitesSequentially(TestNG.java:1293)
	at org.testng.TestNG.runSuitesLocally(TestNG.java:1218)
	at org.testng.TestNG.runSuites(TestNG.java:1133)
	at org.testng.TestNG.run(TestNG.java:1104)
	at org.testng.remote.AbstractRemoteTestNG.run(AbstractRemoteTestNG.java:126)
	at org.testng.remote.RemoteTestNG.initAndRun(RemoteTestNG.java:137)
	at org.testng.remote.RemoteTestNG.main(RemoteTestNG.java:58)
]]>
            </full-stacktrace>
          </exception> <!-- junit.framework.ComparisonFailure -->
          <reporter-output>
          </reporter-output>
        </test-method> <!-- verifyHomePageTitle -->
        <test-method status="PASS" signature="tearDown()[pri:0, instance:com.crm.qa.tetcases.HomePageTest@724af044]" name="tearDown" is-config="true" duration-ms="1941" started-at="2018-01-20T22:00:14Z" finished-at="2018-01-20T22:00:16Z">
          <reporter-output>
          </reporter-output>
        </test-method> <!-- tearDown -->
      </class> <!-- com.crm.qa.tetcases.HomePageTest -->
    </test> <!-- Free CRM App Test Cases -->
  </suite> <!-- Free CRM Apllication Test Automation Test Suite -->
</testng-results>
